<?xml version="1.0" encoding="UTF-8"?>
<!-- Generated by org.testng.reporters.JUnitReportReporter -->
<testsuite hostname="Yadukrishna" failures="0" tests="3" name="com.testProject.API_Testing.E2EBookAPITest" time="0.523" errors="0" timestamp="15 Feb 2024 17:37:56 GMT" skipped="0">
  <testcase classname="com.testProject.API_Testing.E2EBookAPITest" name="addBookTest" time="0.199"/>
  <testcase classname="com.testProject.API_Testing.E2EBookAPITest" name="getBookTest" time="0.176"/>
  <testcase classname="com.testProject.API_Testing.E2EBookAPITest" name="deleteBookTest" time="0.148"/>
</testsuite> <!-- com.testProject.API_Testing.E2EBookAPITest -->
