<?xml version="1.0" encoding="UTF-8"?>
<!-- Generated by org.testng.reporters.JUnitReportReporter -->
<testsuite hostname="Yadukrishna" failures="0" tests="1" name="com.testProject.API_Testing.E2EPlaceTest" time="2.613" errors="0" timestamp="15 Feb 2024 17:37:56 GMT" skipped="0">
  <testcase classname="com.testProject.API_Testing.E2EPlaceTest" name="addPlaceTest" time="2.613"/>
</testsuite> <!-- com.testProject.API_Testing.E2EPlaceTest -->
