<?xml version="1.0" encoding="UTF-8"?>
<!-- Generated by org.testng.reporters.JUnitReportReporter -->
<testsuite hostname="Yadukrishna" failures="0" tests="1" name="com.testProject.API_Testing.E2EPlaceTest" time="3.624" errors="0" timestamp="2023-10-22T15:40:42 IST" skipped="0">
  <testcase classname="com.testProject.API_Testing.E2EPlaceTest" name="addPlaceTest" time="3.624"/>
</testsuite> <!-- com.testProject.API_Testing.E2EPlaceTest -->
