<?xml version="1.0" encoding="UTF-8"?>
<!-- Generated by org.testng.reporters.JUnitReportReporter -->
<testsuite hostname="Yadukrishna" failures="0" tests="3" name="com.testProject.API_Testing.E2EBookAPITest" time="2.865" errors="0" timestamp="2023-11-04T22:32:22 IST" skipped="0">
  <testcase classname="com.testProject.API_Testing.E2EBookAPITest" name="addBookTest" time="2.459"/>
  <testcase classname="com.testProject.API_Testing.E2EBookAPITest" name="getBookTest" time="0.266"/>
  <testcase classname="com.testProject.API_Testing.E2EBookAPITest" name="deleteBookTest" time="0.140"/>
</testsuite> <!-- com.testProject.API_Testing.E2EBookAPITest -->
