<?xml version="1.0" encoding="UTF-8"?>
<!-- Generated by org.testng.reporters.JUnitReportReporter -->
<testsuite hostname="Yadukrishna" failures="0" tests="1" name="com.testProject.API_Testing.AddPlaceTest" time="2.056" errors="0" timestamp="2023-10-22T11:27:53 IST" skipped="0">
  <testcase classname="com.testProject.API_Testing.AddPlaceTest" name="addPlaceTest" time="2.056"/>
</testsuite> <!-- com.testProject.API_Testing.AddPlaceTest -->
